2013-01-20 13:13:31,609 [main] INFO MainClass - NXT-Plotter v0.1 startet
2013-01-20 13:13:32,122 [main] DEBUG ProgramFrame - instanziiert
2013-01-20 13:13:32,140 [main] DEBUG TableContainer - instanziiert
2013-01-20 13:13:32,154 [main] DEBUG SimpleDrawComponent - instanziiert
2013-01-20 13:13:40,375 [AWT-EventQueue-0] DEBUG ManualControlFrame - instanziiert
2013-01-20 13:13:40,378 [AWT-EventQueue-0] DEBUG MotorController - instanziiert
2013-01-20 13:13:40,379 [AWT-EventQueue-0] INFO MotorController - Dummy-Modus
2013-01-20 13:13:43,841 [AWT-EventQueue-0] INFO MotorController - Schlitten faehrt nach DOWN
2013-01-20 13:13:43,919 [AWT-EventQueue-0] DEBUG MotorController - Motor(en) in Bewegung
2013-01-20 13:13:46,506 [AWT-EventQueue-0] INFO MotorController - Motor(en) stoppen
2013-01-20 13:13:46,507 [AWT-EventQueue-0] DEBUG MotorController - Motor(en) gestoppt
2013-01-20 13:13:46,522 [AWT-EventQueue-0] INFO MotorController - Schlittenposition: 1824/-1
2013-01-20 13:13:46,525 [AWT-EventQueue-0] INFO MotorController - Motor(en) stoppen
2013-01-20 13:13:46,526 [AWT-EventQueue-0] DEBUG MotorController - Motor(en) gestoppt
2013-01-20 13:13:46,541 [AWT-EventQueue-0] INFO MotorController - Schlittenposition: 1839/-1
2013-01-20 13:13:46,872 [AWT-EventQueue-0] INFO MotorController - Motor(en) stoppen
2013-01-20 13:13:46,872 [AWT-EventQueue-0] DEBUG MotorController - Motor(en) gestoppt
2013-01-20 13:13:46,887 [AWT-EventQueue-0] INFO MotorController - Schlittenposition: 1862/-1
2013-01-20 13:13:46,891 [AWT-EventQueue-0] INFO MotorController - Motor(en) stoppen
2013-01-20 13:13:46,892 [AWT-EventQueue-0] DEBUG MotorController - Motor(en) gestoppt
2013-01-20 13:13:46,908 [AWT-EventQueue-0] INFO MotorController - Schlittenposition: 1862/-1
2013-01-20 13:13:46,913 [AWT-EventQueue-0] INFO MotorController - Motor(en) stoppen
2013-01-20 13:13:46,913 [AWT-EventQueue-0] DEBUG MotorController - Motor(en) gestoppt
2013-01-20 13:13:46,929 [AWT-EventQueue-0] INFO MotorController - Schlittenposition: 1862/-1
2013-01-20 13:13:46,933 [AWT-EventQueue-0] INFO MotorController - Motor(en) stoppen
2013-01-20 13:13:46,934 [AWT-EventQueue-0] DEBUG MotorController - Motor(en) gestoppt
2013-01-20 13:13:46,950 [AWT-EventQueue-0] INFO MotorController - Schlittenposition: 1862/-1
2013-01-20 13:13:46,954 [AWT-EventQueue-0] INFO MotorController - Motor(en) stoppen
2013-01-20 13:13:46,955 [AWT-EventQueue-0] DEBUG MotorController - Motor(en) gestoppt
2013-01-20 13:13:46,970 [AWT-EventQueue-0] INFO MotorController - Schlittenposition: 1862/-1
2013-01-20 13:13:46,974 [AWT-EventQueue-0] INFO MotorController - Motor(en) stoppen
2013-01-20 13:13:46,975 [AWT-EventQueue-0] DEBUG MotorController - Motor(en) gestoppt
2013-01-20 13:13:46,990 [AWT-EventQueue-0] INFO MotorController - Schlittenposition: 1862/-1
2013-01-20 13:13:46,995 [AWT-EventQueue-0] INFO MotorController - Motor(en) stoppen
2013-01-20 13:13:46,995 [AWT-EventQueue-0] DEBUG MotorController - Motor(en) gestoppt
2013-01-20 13:13:47,010 [AWT-EventQueue-0] INFO MotorController - Schlittenposition: 1862/-1
2013-01-20 13:13:48,246 [AWT-EventQueue-0] INFO MotorController - Motor(en) stoppen
2013-01-20 13:13:48,247 [AWT-EventQueue-0] DEBUG MotorController - Motor(en) gestoppt
2013-01-20 13:13:48,261 [AWT-EventQueue-0] INFO MotorController - Schlittenposition: 1861/-1
2013-01-20 13:13:48,266 [AWT-EventQueue-0] INFO MotorController - Motor(en) stoppen
2013-01-20 13:13:48,267 [AWT-EventQueue-0] DEBUG MotorController - Motor(en) gestoppt
2013-01-20 13:13:48,281 [AWT-EventQueue-0] INFO MotorController - Schlittenposition: 1861/-1
2013-01-20 13:13:48,285 [AWT-EventQueue-0] INFO MotorController - Motor(en) stoppen
2013-01-20 13:13:48,286 [AWT-EventQueue-0] DEBUG MotorController - Motor(en) gestoppt
2013-01-20 13:13:48,301 [AWT-EventQueue-0] INFO MotorController - Schlittenposition: 1861/-1
2013-01-20 13:13:48,306 [AWT-EventQueue-0] INFO MotorController - Motor(en) stoppen
2013-01-20 13:13:48,306 [AWT-EventQueue-0] DEBUG MotorController - Motor(en) gestoppt
2013-01-20 13:13:48,320 [AWT-EventQueue-0] INFO MotorController - Schlittenposition: 1861/-1
2013-01-20 13:13:48,324 [AWT-EventQueue-0] INFO MotorController - Motor(en) stoppen
2013-01-20 13:13:48,325 [AWT-EventQueue-0] DEBUG MotorController - Motor(en) gestoppt
2013-01-20 13:13:48,341 [AWT-EventQueue-0] INFO MotorController - Schlittenposition: 1861/-1
2013-01-20 13:13:48,345 [AWT-EventQueue-0] INFO MotorController - Motor(en) stoppen
2013-01-20 13:13:48,346 [AWT-EventQueue-0] DEBUG MotorController - Motor(en) gestoppt
2013-01-20 13:13:48,363 [AWT-EventQueue-0] INFO MotorController - Schlittenposition: 1861/-1
2013-01-20 13:13:48,367 [AWT-EventQueue-0] INFO MotorController - Motor(en) stoppen
2013-01-20 13:13:48,367 [AWT-EventQueue-0] DEBUG MotorController - Motor(en) gestoppt
2013-01-20 13:13:48,384 [AWT-EventQueue-0] INFO MotorController - Schlittenposition: 1861/-1
2013-01-20 13:13:48,899 [AWT-EventQueue-0] INFO MotorController - Motor(en) stoppen
2013-01-20 13:13:48,900 [AWT-EventQueue-0] DEBUG MotorController - Motor(en) gestoppt
2013-01-20 13:13:48,914 [AWT-EventQueue-0] INFO MotorController - Schlittenposition: 1861/-1
2013-01-20 13:13:48,918 [AWT-EventQueue-0] INFO MotorController - Motor(en) stoppen
2013-01-20 13:13:48,919 [AWT-EventQueue-0] DEBUG MotorController - Motor(en) gestoppt
2013-01-20 13:13:48,934 [AWT-EventQueue-0] INFO MotorController - Schlittenposition: 1861/-1
2013-01-20 13:13:48,939 [AWT-EventQueue-0] INFO MotorController - Motor(en) stoppen
2013-01-20 13:13:48,940 [AWT-EventQueue-0] DEBUG MotorController - Motor(en) gestoppt
2013-01-20 13:13:48,955 [AWT-EventQueue-0] INFO MotorController - Schlittenposition: 1861/-1
2013-01-20 13:13:48,959 [AWT-EventQueue-0] INFO MotorController - Motor(en) stoppen
2013-01-20 13:13:48,960 [AWT-EventQueue-0] DEBUG MotorController - Motor(en) gestoppt
2013-01-20 13:13:48,975 [AWT-EventQueue-0] INFO MotorController - Schlittenposition: 1861/-1
2013-01-20 13:13:50,603 [AWT-EventQueue-0] INFO MotorController - Motor(en) stoppen
2013-01-20 13:13:50,603 [AWT-EventQueue-0] DEBUG MotorController - Motor(en) gestoppt
2013-01-20 13:13:50,618 [AWT-EventQueue-0] INFO MotorController - Schlittenposition: 1861/-1
2013-01-20 13:13:50,622 [AWT-EventQueue-0] INFO MotorController - Motor(en) stoppen
2013-01-20 13:13:50,623 [AWT-EventQueue-0] DEBUG MotorController - Motor(en) gestoppt
2013-01-20 13:13:50,638 [AWT-EventQueue-0] INFO MotorController - Schlittenposition: 1861/-1
2013-01-20 13:13:50,642 [AWT-EventQueue-0] INFO MotorController - Motor(en) stoppen
2013-01-20 13:13:50,642 [AWT-EventQueue-0] DEBUG MotorController - Motor(en) gestoppt
2013-01-20 13:13:50,660 [AWT-EventQueue-0] INFO MotorController - Schlittenposition: 1860/-1
2013-01-20 13:13:50,664 [AWT-EventQueue-0] INFO MotorController - Motor(en) stoppen
2013-01-20 13:13:50,664 [AWT-EventQueue-0] DEBUG MotorController - Motor(en) gestoppt
2013-01-20 13:13:50,680 [AWT-EventQueue-0] INFO MotorController - Schlittenposition: 1860/-1
2013-01-20 13:13:50,684 [AWT-EventQueue-0] INFO MotorController - Motor(en) stoppen
2013-01-20 13:13:50,684 [AWT-EventQueue-0] DEBUG MotorController - Motor(en) gestoppt
2013-01-20 13:13:50,700 [AWT-EventQueue-0] INFO MotorController - Schlittenposition: 1859/-1
2013-01-20 13:13:50,704 [AWT-EventQueue-0] INFO MotorController - Motor(en) stoppen
2013-01-20 13:13:50,704 [AWT-EventQueue-0] DEBUG MotorController - Motor(en) gestoppt
2013-01-20 13:13:50,718 [AWT-EventQueue-0] INFO MotorController - Schlittenposition: 1859/-1
2013-01-20 13:13:50,723 [AWT-EventQueue-0] INFO MotorController - Motor(en) stoppen
2013-01-20 13:13:50,723 [AWT-EventQueue-0] DEBUG MotorController - Motor(en) gestoppt
2013-01-20 13:13:50,740 [AWT-EventQueue-0] INFO MotorController - Schlittenposition: 1859/-1
2013-01-20 13:13:50,744 [AWT-EventQueue-0] INFO MotorController - Motor(en) stoppen
2013-01-20 13:13:50,745 [AWT-EventQueue-0] DEBUG MotorController - Motor(en) gestoppt
2013-01-20 13:13:50,760 [AWT-EventQueue-0] INFO MotorController - Schlittenposition: 1859/-1
2013-01-20 13:13:50,764 [AWT-EventQueue-0] INFO MotorController - Motor(en) stoppen
2013-01-20 13:13:50,764 [AWT-EventQueue-0] DEBUG MotorController - Motor(en) gestoppt
2013-01-20 13:13:50,779 [AWT-EventQueue-0] INFO MotorController - Schlittenposition: 1859/-1
2013-01-20 13:13:50,784 [AWT-EventQueue-0] INFO MotorController - Motor(en) stoppen
2013-01-20 13:13:50,784 [AWT-EventQueue-0] DEBUG MotorController - Motor(en) gestoppt
2013-01-20 13:13:50,799 [AWT-EventQueue-0] INFO MotorController - Schlittenposition: 1859/-1
2013-01-20 13:13:50,804 [AWT-EventQueue-0] INFO MotorController - Motor(en) stoppen
2013-01-20 13:13:50,804 [AWT-EventQueue-0] DEBUG MotorController - Motor(en) gestoppt
2013-01-20 13:13:50,819 [AWT-EventQueue-0] INFO MotorController - Schlittenposition: 1859/-1
2013-01-20 13:13:51,714 [AWT-EventQueue-0] INFO MotorController - Motor(en) stoppen
2013-01-20 13:13:51,714 [AWT-EventQueue-0] DEBUG MotorController - Motor(en) gestoppt
2013-01-20 13:13:51,729 [AWT-EventQueue-0] INFO MotorController - Schlittenposition: 1862/-1
2013-01-20 13:13:51,733 [AWT-EventQueue-0] INFO MotorController - Motor(en) stoppen
2013-01-20 13:13:51,734 [AWT-EventQueue-0] DEBUG MotorController - Motor(en) gestoppt
2013-01-20 13:13:51,750 [AWT-EventQueue-0] INFO MotorController - Schlittenposition: 1862/-1
2013-01-20 13:13:51,754 [AWT-EventQueue-0] INFO MotorController - Motor(en) stoppen
2013-01-20 13:13:51,754 [AWT-EventQueue-0] DEBUG MotorController - Motor(en) gestoppt
2013-01-20 13:13:51,769 [AWT-EventQueue-0] INFO MotorController - Schlittenposition: 1862/-1
2013-01-20 13:13:51,773 [AWT-EventQueue-0] INFO MotorController - Motor(en) stoppen
2013-01-20 13:13:51,774 [AWT-EventQueue-0] DEBUG MotorController - Motor(en) gestoppt
2013-01-20 13:13:51,789 [AWT-EventQueue-0] INFO MotorController - Schlittenposition: 1862/-1
2013-01-20 13:13:51,793 [AWT-EventQueue-0] INFO MotorController - Motor(en) stoppen
2013-01-20 13:13:51,794 [AWT-EventQueue-0] DEBUG MotorController - Motor(en) gestoppt
2013-01-20 13:13:51,808 [AWT-EventQueue-0] INFO MotorController - Schlittenposition: 1861/-1
2013-01-20 13:13:51,813 [AWT-EventQueue-0] INFO MotorController - Motor(en) stoppen
2013-01-20 13:13:51,813 [AWT-EventQueue-0] DEBUG MotorController - Motor(en) gestoppt
2013-01-20 13:13:51,828 [AWT-EventQueue-0] INFO MotorController - Schlittenposition: 1862/-1
2013-01-20 13:13:51,832 [AWT-EventQueue-0] INFO MotorController - Motor(en) stoppen
2013-01-20 13:13:51,833 [AWT-EventQueue-0] DEBUG MotorController - Motor(en) gestoppt
2013-01-20 13:13:51,848 [AWT-EventQueue-0] INFO MotorController - Schlittenposition: 1861/-1
2013-01-20 13:13:52,439 [AWT-EventQueue-0] INFO MotorController - Motor(en) stoppen
2013-01-20 13:13:52,440 [AWT-EventQueue-0] DEBUG MotorController - Motor(en) gestoppt
2013-01-20 13:13:52,456 [AWT-EventQueue-0] INFO MotorController - Schlittenposition: 1861/-1
2013-01-20 13:13:52,460 [AWT-EventQueue-0] INFO MotorController - Motor(en) stoppen
2013-01-20 13:13:52,461 [AWT-EventQueue-0] DEBUG MotorController - Motor(en) gestoppt
2013-01-20 13:13:52,476 [AWT-EventQueue-0] INFO MotorController - Schlittenposition: 1861/-1
2013-01-20 13:13:52,480 [AWT-EventQueue-0] INFO MotorController - Motor(en) stoppen
2013-01-20 13:13:52,481 [AWT-EventQueue-0] DEBUG MotorController - Motor(en) gestoppt
2013-01-20 13:13:52,496 [AWT-EventQueue-0] INFO MotorController - Schlittenposition: 1861/-1
2013-01-20 13:13:52,501 [AWT-EventQueue-0] INFO MotorController - Motor(en) stoppen
2013-01-20 13:13:52,501 [AWT-EventQueue-0] DEBUG MotorController - Motor(en) gestoppt
2013-01-20 13:13:52,516 [AWT-EventQueue-0] INFO MotorController - Schlittenposition: 1861/-1
2013-01-20 13:13:52,521 [AWT-EventQueue-0] INFO MotorController - Motor(en) stoppen
2013-01-20 13:13:52,521 [AWT-EventQueue-0] DEBUG MotorController - Motor(en) gestoppt
2013-01-20 13:13:52,535 [AWT-EventQueue-0] INFO MotorController - Schlittenposition: 1861/-1
2013-01-20 13:13:52,541 [AWT-EventQueue-0] INFO MotorController - Motor(en) stoppen
2013-01-20 13:13:52,541 [AWT-EventQueue-0] DEBUG MotorController - Motor(en) gestoppt
2013-01-20 13:13:52,555 [AWT-EventQueue-0] INFO MotorController - Schlittenposition: 1861/-1
2013-01-20 13:13:52,561 [AWT-EventQueue-0] INFO MotorController - Motor(en) stoppen
2013-01-20 13:13:52,561 [AWT-EventQueue-0] DEBUG MotorController - Motor(en) gestoppt
2013-01-20 13:13:52,577 [AWT-EventQueue-0] INFO MotorController - Schlittenposition: 1861/-1
2013-01-20 13:13:52,581 [AWT-EventQueue-0] INFO MotorController - Motor(en) stoppen
2013-01-20 13:13:52,582 [AWT-EventQueue-0] DEBUG MotorController - Motor(en) gestoppt
2013-01-20 13:13:52,597 [AWT-EventQueue-0] INFO MotorController - Schlittenposition: 1861/-1
2013-01-20 13:13:53,119 [AWT-EventQueue-0] INFO MotorController - Motor(en) stoppen
2013-01-20 13:13:53,120 [AWT-EventQueue-0] DEBUG MotorController - Motor(en) gestoppt
2013-01-20 13:13:53,135 [AWT-EventQueue-0] INFO MotorController - Schlittenposition: 1861/-1
2013-01-20 13:13:53,139 [AWT-EventQueue-0] INFO MotorController - Motor(en) stoppen
2013-01-20 13:13:53,140 [AWT-EventQueue-0] DEBUG MotorController - Motor(en) gestoppt
2013-01-20 13:13:53,156 [AWT-EventQueue-0] INFO MotorController - Schlittenposition: 1861/-1
2013-01-20 13:13:53,161 [AWT-EventQueue-0] INFO MotorController - Motor(en) stoppen
2013-01-20 13:13:53,161 [AWT-EventQueue-0] DEBUG MotorController - Motor(en) gestoppt
2013-01-20 13:13:53,175 [AWT-EventQueue-0] INFO MotorController - Schlittenposition: 1861/-1
2013-01-20 13:13:53,179 [AWT-EventQueue-0] INFO MotorController - Motor(en) stoppen
2013-01-20 13:13:53,180 [AWT-EventQueue-0] DEBUG MotorController - Motor(en) gestoppt
2013-01-20 13:13:53,195 [AWT-EventQueue-0] INFO MotorController - Schlittenposition: 1861/-1
2013-01-20 13:13:53,199 [AWT-EventQueue-0] INFO MotorController - Motor(en) stoppen
2013-01-20 13:13:53,200 [AWT-EventQueue-0] DEBUG MotorController - Motor(en) gestoppt
2013-01-20 13:13:53,216 [AWT-EventQueue-0] INFO MotorController - Schlittenposition: 1861/-1
2013-01-20 13:13:53,220 [AWT-EventQueue-0] INFO MotorController - Motor(en) stoppen
2013-01-20 13:13:53,221 [AWT-EventQueue-0] DEBUG MotorController - Motor(en) gestoppt
2013-01-20 13:13:53,236 [AWT-EventQueue-0] INFO MotorController - Schlittenposition: 1861/-1
2013-01-20 13:13:53,239 [AWT-EventQueue-0] INFO MotorController - Motor(en) stoppen
2013-01-20 13:13:53,239 [AWT-EventQueue-0] DEBUG MotorController - Motor(en) gestoppt
2013-01-20 13:13:53,254 [AWT-EventQueue-0] INFO MotorController - Schlittenposition: 1861/-1
2013-01-20 13:13:53,259 [AWT-EventQueue-0] INFO MotorController - Motor(en) stoppen
2013-01-20 13:13:53,260 [AWT-EventQueue-0] DEBUG MotorController - Motor(en) gestoppt
2013-01-20 13:13:53,275 [AWT-EventQueue-0] INFO MotorController - Schlittenposition: 1861/-1
2013-01-20 13:13:53,278 [AWT-EventQueue-0] INFO MotorController - Motor(en) stoppen
2013-01-20 13:13:53,278 [AWT-EventQueue-0] DEBUG MotorController - Motor(en) gestoppt
2013-01-20 13:13:53,294 [AWT-EventQueue-0] INFO MotorController - Schlittenposition: 1861/-1
2013-01-20 13:13:53,298 [AWT-EventQueue-0] INFO MotorController - Motor(en) stoppen
2013-01-20 13:13:53,299 [AWT-EventQueue-0] DEBUG MotorController - Motor(en) gestoppt
2013-01-20 13:13:53,315 [AWT-EventQueue-0] INFO MotorController - Schlittenposition: 1861/-1
2013-01-20 13:13:53,319 [AWT-EventQueue-0] INFO MotorController - Motor(en) stoppen
2013-01-20 13:13:53,320 [AWT-EventQueue-0] DEBUG MotorController - Motor(en) gestoppt
2013-01-20 13:13:53,335 [AWT-EventQueue-0] INFO MotorController - Schlittenposition: 1861/-1
2013-01-20 13:13:53,803 [AWT-EventQueue-0] INFO MotorController - Motor(en) stoppen
2013-01-20 13:13:53,803 [AWT-EventQueue-0] DEBUG MotorController - Motor(en) gestoppt
2013-01-20 13:13:53,819 [AWT-EventQueue-0] INFO MotorController - Schlittenposition: 1859/-1
2013-01-20 13:13:53,823 [AWT-EventQueue-0] INFO MotorController - Motor(en) stoppen
2013-01-20 13:13:53,823 [AWT-EventQueue-0] DEBUG MotorController - Motor(en) gestoppt
2013-01-20 13:13:53,838 [AWT-EventQueue-0] INFO MotorController - Schlittenposition: 1859/-1
2013-01-20 13:13:53,843 [AWT-EventQueue-0] INFO MotorController - Motor(en) stoppen
2013-01-20 13:13:53,843 [AWT-EventQueue-0] DEBUG MotorController - Motor(en) gestoppt
2013-01-20 13:13:53,857 [AWT-EventQueue-0] INFO MotorController - Schlittenposition: 1859/-1
2013-01-20 13:13:53,861 [AWT-EventQueue-0] INFO MotorController - Motor(en) stoppen
2013-01-20 13:13:53,862 [AWT-EventQueue-0] DEBUG MotorController - Motor(en) gestoppt
2013-01-20 13:13:53,878 [AWT-EventQueue-0] INFO MotorController - Schlittenposition: 1859/-1
2013-01-20 13:13:53,882 [AWT-EventQueue-0] INFO MotorController - Motor(en) stoppen
2013-01-20 13:13:53,882 [AWT-EventQueue-0] DEBUG MotorController - Motor(en) gestoppt
2013-01-20 13:13:53,899 [AWT-EventQueue-0] INFO MotorController - Schlittenposition: 1859/-1
2013-01-20 13:13:53,903 [AWT-EventQueue-0] INFO MotorController - Motor(en) stoppen
2013-01-20 13:13:53,904 [AWT-EventQueue-0] DEBUG MotorController - Motor(en) gestoppt
2013-01-20 13:13:53,920 [AWT-EventQueue-0] INFO MotorController - Schlittenposition: 1860/-1
2013-01-20 13:13:53,924 [AWT-EventQueue-0] INFO MotorController - Motor(en) stoppen
2013-01-20 13:13:53,925 [AWT-EventQueue-0] DEBUG MotorController - Motor(en) gestoppt
2013-01-20 13:13:53,939 [AWT-EventQueue-0] INFO MotorController - Schlittenposition: 1860/-1
2013-01-20 13:13:53,944 [AWT-EventQueue-0] INFO MotorController - Motor(en) stoppen
2013-01-20 13:13:53,944 [AWT-EventQueue-0] DEBUG MotorController - Motor(en) gestoppt
2013-01-20 13:13:53,959 [AWT-EventQueue-0] INFO MotorController - Schlittenposition: 1860/-1
2013-01-20 13:13:53,963 [AWT-EventQueue-0] INFO MotorController - Motor(en) stoppen
2013-01-20 13:13:53,964 [AWT-EventQueue-0] DEBUG MotorController - Motor(en) gestoppt
2013-01-20 13:13:53,978 [AWT-EventQueue-0] INFO MotorController - Schlittenposition: 1860/-1
2013-01-20 13:13:53,983 [AWT-EventQueue-0] INFO MotorController - Motor(en) stoppen
2013-01-20 13:13:53,984 [AWT-EventQueue-0] DEBUG MotorController - Motor(en) gestoppt
2013-01-20 13:13:53,998 [AWT-EventQueue-0] INFO MotorController - Schlittenposition: 1860/-1
2013-01-20 13:13:54,420 [AWT-EventQueue-0] INFO MotorController - Motor(en) stoppen
2013-01-20 13:13:54,421 [AWT-EventQueue-0] DEBUG MotorController - Motor(en) gestoppt
2013-01-20 13:13:54,437 [AWT-EventQueue-0] INFO MotorController - Schlittenposition: 1862/-1
2013-01-20 13:13:54,441 [AWT-EventQueue-0] INFO MotorController - Motor(en) stoppen
2013-01-20 13:13:54,442 [AWT-EventQueue-0] DEBUG MotorController - Motor(en) gestoppt
2013-01-20 13:13:54,457 [AWT-EventQueue-0] INFO MotorController - Schlittenposition: 1862/-1
2013-01-20 13:13:54,461 [AWT-EventQueue-0] INFO MotorController - Motor(en) stoppen
2013-01-20 13:13:54,462 [AWT-EventQueue-0] DEBUG MotorController - Motor(en) gestoppt
2013-01-20 13:13:54,478 [AWT-EventQueue-0] INFO MotorController - Schlittenposition: 1862/-1
2013-01-20 13:13:54,482 [AWT-EventQueue-0] INFO MotorController - Motor(en) stoppen
2013-01-20 13:13:54,482 [AWT-EventQueue-0] DEBUG MotorController - Motor(en) gestoppt
2013-01-20 13:13:54,498 [AWT-EventQueue-0] INFO MotorController - Schlittenposition: 1862/-1
2013-01-20 13:13:54,502 [AWT-EventQueue-0] INFO MotorController - Motor(en) stoppen
2013-01-20 13:13:54,503 [AWT-EventQueue-0] DEBUG MotorController - Motor(en) gestoppt
2013-01-20 13:13:54,518 [AWT-EventQueue-0] INFO MotorController - Schlittenposition: 1862/-1
2013-01-20 13:13:54,522 [AWT-EventQueue-0] INFO MotorController - Motor(en) stoppen
2013-01-20 13:13:54,523 [AWT-EventQueue-0] DEBUG MotorController - Motor(en) gestoppt
2013-01-20 13:13:54,538 [AWT-EventQueue-0] INFO MotorController - Schlittenposition: 1862/-1
2013-01-20 13:13:54,542 [AWT-EventQueue-0] INFO MotorController - Motor(en) stoppen
2013-01-20 13:13:54,542 [AWT-EventQueue-0] DEBUG MotorController - Motor(en) gestoppt
2013-01-20 13:13:54,558 [AWT-EventQueue-0] INFO MotorController - Schlittenposition: 1862/-1
2013-01-20 13:13:54,562 [AWT-EventQueue-0] INFO MotorController - Motor(en) stoppen
2013-01-20 13:13:54,563 [AWT-EventQueue-0] DEBUG MotorController - Motor(en) gestoppt
2013-01-20 13:13:54,577 [AWT-EventQueue-0] INFO MotorController - Schlittenposition: 1862/-1
2013-01-20 13:13:54,581 [AWT-EventQueue-0] INFO MotorController - Motor(en) stoppen
2013-01-20 13:13:54,582 [AWT-EventQueue-0] DEBUG MotorController - Motor(en) gestoppt
2013-01-20 13:13:54,597 [AWT-EventQueue-0] INFO MotorController - Schlittenposition: 1862/-1
2013-01-20 13:13:54,602 [AWT-EventQueue-0] INFO MotorController - Motor(en) stoppen
2013-01-20 13:13:54,602 [AWT-EventQueue-0] DEBUG MotorController - Motor(en) gestoppt
2013-01-20 13:13:54,618 [AWT-EventQueue-0] INFO MotorController - Schlittenposition: 1862/-1
2013-01-20 13:13:54,622 [AWT-EventQueue-0] INFO MotorController - Motor(en) stoppen
2013-01-20 13:13:54,623 [AWT-EventQueue-0] DEBUG MotorController - Motor(en) gestoppt
2013-01-20 13:13:54,637 [AWT-EventQueue-0] INFO MotorController - Schlittenposition: 1862/-1
2013-01-20 13:13:54,641 [AWT-EventQueue-0] INFO MotorController - Motor(en) stoppen
2013-01-20 13:13:54,642 [AWT-EventQueue-0] DEBUG MotorController - Motor(en) gestoppt
2013-01-20 13:13:54,659 [AWT-EventQueue-0] INFO MotorController - Schlittenposition: 1862/-1
2013-01-20 13:13:54,663 [AWT-EventQueue-0] INFO MotorController - Motor(en) stoppen
2013-01-20 13:13:54,664 [AWT-EventQueue-0] DEBUG MotorController - Motor(en) gestoppt
2013-01-20 13:13:54,679 [AWT-EventQueue-0] INFO MotorController - Schlittenposition: 1862/-1
2013-01-20 13:14:00,268 [AWT-EventQueue-0] INFO MotorController - Motor(en) stoppen
2013-01-20 13:14:00,269 [AWT-EventQueue-0] DEBUG MotorController - Motor(en) gestoppt
2013-01-20 13:14:00,283 [AWT-EventQueue-0] INFO MotorController - Schlittenposition: 1861/-1
2013-01-20 13:14:00,288 [AWT-EventQueue-0] INFO MotorController - Motor(en) stoppen
2013-01-20 13:14:00,288 [AWT-EventQueue-0] DEBUG MotorController - Motor(en) gestoppt
2013-01-20 13:14:00,303 [AWT-EventQueue-0] INFO MotorController - Schlittenposition: 1861/-1
2013-01-20 13:14:00,307 [AWT-EventQueue-0] INFO MotorController - Motor(en) stoppen
2013-01-20 13:14:00,308 [AWT-EventQueue-0] DEBUG MotorController - Motor(en) gestoppt
2013-01-20 13:14:00,322 [AWT-EventQueue-0] INFO MotorController - Schlittenposition: 1861/-1
2013-01-20 13:14:00,326 [AWT-EventQueue-0] INFO MotorController - Motor(en) stoppen
2013-01-20 13:14:00,326 [AWT-EventQueue-0] DEBUG MotorController - Motor(en) gestoppt
2013-01-20 13:14:00,341 [AWT-EventQueue-0] INFO MotorController - Schlittenposition: 1861/-1
2013-01-20 13:14:00,346 [AWT-EventQueue-0] INFO MotorController - Motor(en) stoppen
2013-01-20 13:14:00,346 [AWT-EventQueue-0] DEBUG MotorController - Motor(en) gestoppt
2013-01-20 13:14:00,362 [AWT-EventQueue-0] INFO MotorController - Schlittenposition: 1861/-1
2013-01-20 13:14:00,366 [AWT-EventQueue-0] INFO MotorController - Motor(en) stoppen
2013-01-20 13:14:00,367 [AWT-EventQueue-0] DEBUG MotorController - Motor(en) gestoppt
2013-01-20 13:14:00,381 [AWT-EventQueue-0] INFO MotorController - Schlittenposition: 1861/-1
2013-01-20 13:14:00,386 [AWT-EventQueue-0] INFO MotorController - Motor(en) stoppen
2013-01-20 13:14:00,386 [AWT-EventQueue-0] DEBUG MotorController - Motor(en) gestoppt
2013-01-20 13:14:00,404 [AWT-EventQueue-0] INFO MotorController - Schlittenposition: 1861/-1
2013-01-20 13:14:00,408 [AWT-EventQueue-0] INFO MotorController - Motor(en) stoppen
2013-01-20 13:14:00,409 [AWT-EventQueue-0] DEBUG MotorController - Motor(en) gestoppt
2013-01-20 13:14:00,424 [AWT-EventQueue-0] INFO MotorController - Schlittenposition: 1861/-1
2013-01-20 13:14:00,429 [AWT-EventQueue-0] INFO MotorController - Motor(en) stoppen
2013-01-20 13:14:00,429 [AWT-EventQueue-0] DEBUG MotorController - Motor(en) gestoppt
2013-01-20 13:14:00,444 [AWT-EventQueue-0] INFO MotorController - Schlittenposition: 1861/-1
2013-01-20 13:14:00,447 [AWT-EventQueue-0] INFO MotorController - Motor(en) stoppen
2013-01-20 13:14:00,448 [AWT-EventQueue-0] DEBUG MotorController - Motor(en) gestoppt
2013-01-20 13:14:00,464 [AWT-EventQueue-0] INFO MotorController - Schlittenposition: 1861/-1
2013-01-20 13:14:00,468 [AWT-EventQueue-0] INFO MotorController - Motor(en) stoppen
2013-01-20 13:14:00,468 [AWT-EventQueue-0] DEBUG MotorController - Motor(en) gestoppt
2013-01-20 13:14:00,483 [AWT-EventQueue-0] INFO MotorController - Schlittenposition: 1861/-1
2013-01-20 13:14:00,488 [AWT-EventQueue-0] INFO MotorController - Motor(en) stoppen
2013-01-20 13:14:00,488 [AWT-EventQueue-0] DEBUG MotorController - Motor(en) gestoppt
2013-01-20 13:14:00,504 [AWT-EventQueue-0] INFO MotorController - Schlittenposition: 1861/-1
2013-01-20 13:14:00,508 [AWT-EventQueue-0] INFO MotorController - Motor(en) stoppen
2013-01-20 13:14:00,509 [AWT-EventQueue-0] DEBUG MotorController - Motor(en) gestoppt
2013-01-20 13:14:00,524 [AWT-EventQueue-0] INFO MotorController - Schlittenposition: 1861/-1
2013-01-20 13:14:00,527 [AWT-EventQueue-0] INFO MotorController - Motor(en) stoppen
2013-01-20 13:14:00,528 [AWT-EventQueue-0] DEBUG MotorController - Motor(en) gestoppt
2013-01-20 13:14:00,543 [AWT-EventQueue-0] INFO MotorController - Schlittenposition: 1861/-1
2013-01-20 13:14:00,547 [AWT-EventQueue-0] INFO MotorController - Motor(en) stoppen
2013-01-20 13:14:00,548 [AWT-EventQueue-0] DEBUG MotorController - Motor(en) gestoppt
2013-01-20 13:14:00,563 [AWT-EventQueue-0] INFO MotorController - Schlittenposition: 1861/-1
2013-01-20 13:14:00,568 [AWT-EventQueue-0] INFO MotorController - Motor(en) stoppen
2013-01-20 13:14:00,568 [AWT-EventQueue-0] DEBUG MotorController - Motor(en) gestoppt
2013-01-20 13:14:00,583 [AWT-EventQueue-0] INFO MotorController - Schlittenposition: 1861/-1
2013-01-20 13:14:00,587 [AWT-EventQueue-0] INFO MotorController - Motor(en) stoppen
2013-01-20 13:14:00,588 [AWT-EventQueue-0] DEBUG MotorController - Motor(en) gestoppt
2013-01-20 13:14:00,604 [AWT-EventQueue-0] INFO MotorController - Schlittenposition: 1861/-1
2013-01-20 13:14:00,608 [AWT-EventQueue-0] INFO MotorController - Motor(en) stoppen
2013-01-20 13:14:00,608 [AWT-EventQueue-0] DEBUG MotorController - Motor(en) gestoppt
2013-01-20 13:14:00,623 [AWT-EventQueue-0] INFO MotorController - Schlittenposition: 1861/-1
2013-01-20 13:14:00,628 [AWT-EventQueue-0] INFO MotorController - Motor(en) stoppen
2013-01-20 13:14:00,628 [AWT-EventQueue-0] DEBUG MotorController - Motor(en) gestoppt
2013-01-20 13:14:00,645 [AWT-EventQueue-0] INFO MotorController - Schlittenposition: 1861/-1
2013-01-20 13:14:00,649 [AWT-EventQueue-0] INFO MotorController - Motor(en) stoppen
2013-01-20 13:14:00,650 [AWT-EventQueue-0] DEBUG MotorController - Motor(en) gestoppt
2013-01-20 13:14:00,665 [AWT-EventQueue-0] INFO MotorController - Schlittenposition: 1861/-1
2013-01-20 13:14:00,669 [AWT-EventQueue-0] INFO MotorController - Motor(en) stoppen
2013-01-20 13:14:00,670 [AWT-EventQueue-0] DEBUG MotorController - Motor(en) gestoppt
2013-01-20 13:14:00,685 [AWT-EventQueue-0] INFO MotorController - Schlittenposition: 1861/-1
2013-01-20 13:14:00,690 [AWT-EventQueue-0] INFO MotorController - Motor(en) stoppen
2013-01-20 13:14:00,691 [AWT-EventQueue-0] DEBUG MotorController - Motor(en) gestoppt
2013-01-20 13:14:00,707 [AWT-EventQueue-0] INFO MotorController - Schlittenposition: 1861/-1
2013-01-20 13:14:00,711 [AWT-EventQueue-0] INFO MotorController - Motor(en) stoppen
2013-01-20 13:14:00,711 [AWT-EventQueue-0] DEBUG MotorController - Motor(en) gestoppt
2013-01-20 13:14:00,726 [AWT-EventQueue-0] INFO MotorController - Schlittenposition: 1861/-1
2013-01-20 13:14:00,730 [AWT-EventQueue-0] INFO MotorController - Motor(en) stoppen
2013-01-20 13:14:00,731 [AWT-EventQueue-0] DEBUG MotorController - Motor(en) gestoppt
2013-01-20 13:14:00,745 [AWT-EventQueue-0] INFO MotorController - Schlittenposition: 1861/-1
2013-01-20 13:14:00,750 [AWT-EventQueue-0] INFO MotorController - Motor(en) stoppen
2013-01-20 13:14:00,751 [AWT-EventQueue-0] DEBUG MotorController - Motor(en) gestoppt
2013-01-20 13:14:00,765 [AWT-EventQueue-0] INFO MotorController - Schlittenposition: 1861/-1
2013-01-20 13:14:00,770 [AWT-EventQueue-0] INFO MotorController - Motor(en) stoppen
2013-01-20 13:14:00,770 [AWT-EventQueue-0] DEBUG MotorController - Motor(en) gestoppt
2013-01-20 13:14:00,786 [AWT-EventQueue-0] INFO MotorController - Schlittenposition: 1861/-1
2013-01-20 13:14:00,790 [AWT-EventQueue-0] INFO MotorController - Motor(en) stoppen
2013-01-20 13:14:00,790 [AWT-EventQueue-0] DEBUG MotorController - Motor(en) gestoppt
2013-01-20 13:14:00,806 [AWT-EventQueue-0] INFO MotorController - Schlittenposition: 1861/-1
2013-01-20 13:14:00,810 [AWT-EventQueue-0] INFO MotorController - Motor(en) stoppen
2013-01-20 13:14:00,811 [AWT-EventQueue-0] DEBUG MotorController - Motor(en) gestoppt
2013-01-20 13:14:00,826 [AWT-EventQueue-0] INFO MotorController - Schlittenposition: 1861/-1
2013-01-20 13:14:00,830 [AWT-EventQueue-0] INFO MotorController - Motor(en) stoppen
2013-01-20 13:14:00,831 [AWT-EventQueue-0] DEBUG MotorController - Motor(en) gestoppt
2013-01-20 13:14:00,845 [AWT-EventQueue-0] INFO MotorController - Schlittenposition: 1861/-1
2013-01-20 13:14:00,850 [AWT-EventQueue-0] INFO MotorController - Motor(en) stoppen
2013-01-20 13:14:00,851 [AWT-EventQueue-0] DEBUG MotorController - Motor(en) gestoppt
2013-01-20 13:14:00,865 [AWT-EventQueue-0] INFO MotorController - Schlittenposition: 1861/-1
2013-01-20 13:14:00,870 [AWT-EventQueue-0] INFO MotorController - Motor(en) stoppen
2013-01-20 13:14:00,870 [AWT-EventQueue-0] DEBUG MotorController - Motor(en) gestoppt
2013-01-20 13:14:00,886 [AWT-EventQueue-0] INFO MotorController - Schlittenposition: 1861/-1
2013-01-20 13:14:00,890 [AWT-EventQueue-0] INFO MotorController - Motor(en) stoppen
2013-01-20 13:14:00,890 [AWT-EventQueue-0] DEBUG MotorController - Motor(en) gestoppt
2013-01-20 13:14:00,908 [AWT-EventQueue-0] INFO MotorController - Schlittenposition: 1861/-1
2013-01-20 13:14:00,913 [AWT-EventQueue-0] INFO MotorController - Motor(en) stoppen
2013-01-20 13:14:00,913 [AWT-EventQueue-0] DEBUG MotorController - Motor(en) gestoppt
2013-01-20 13:14:00,928 [AWT-EventQueue-0] INFO MotorController - Schlittenposition: 1861/-1
2013-01-20 13:14:00,933 [AWT-EventQueue-0] INFO MotorController - Motor(en) stoppen
2013-01-20 13:14:00,933 [AWT-EventQueue-0] DEBUG MotorController - Motor(en) gestoppt
2013-01-20 13:14:00,948 [AWT-EventQueue-0] INFO MotorController - Schlittenposition: 1861/-1
2013-01-20 13:14:00,952 [AWT-EventQueue-0] INFO MotorController - Motor(en) stoppen
2013-01-20 13:14:00,953 [AWT-EventQueue-0] DEBUG MotorController - Motor(en) gestoppt
2013-01-20 13:14:00,968 [AWT-EventQueue-0] INFO MotorController - Schlittenposition: 1861/-1
2013-01-20 13:14:00,973 [AWT-EventQueue-0] INFO MotorController - Motor(en) stoppen
2013-01-20 13:14:00,974 [AWT-EventQueue-0] DEBUG MotorController - Motor(en) gestoppt
2013-01-20 13:14:00,988 [AWT-EventQueue-0] INFO MotorController - Schlittenposition: 1861/-1
2013-01-20 13:14:00,992 [AWT-EventQueue-0] INFO MotorController - Motor(en) stoppen
2013-01-20 13:14:00,992 [AWT-EventQueue-0] DEBUG MotorController - Motor(en) gestoppt
2013-01-20 13:14:01,008 [AWT-EventQueue-0] INFO MotorController - Schlittenposition: 1861/-1
2013-01-20 13:14:01,012 [AWT-EventQueue-0] INFO MotorController - Motor(en) stoppen
2013-01-20 13:14:01,013 [AWT-EventQueue-0] DEBUG MotorController - Motor(en) gestoppt
2013-01-20 13:14:01,029 [AWT-EventQueue-0] INFO MotorController - Schlittenposition: 1861/-1
2013-01-20 13:14:01,033 [AWT-EventQueue-0] INFO MotorController - Motor(en) stoppen
2013-01-20 13:14:01,033 [AWT-EventQueue-0] DEBUG MotorController - Motor(en) gestoppt
2013-01-20 13:14:01,048 [AWT-EventQueue-0] INFO MotorController - Schlittenposition: 1861/-1
2013-01-20 13:14:01,052 [AWT-EventQueue-0] INFO MotorController - Motor(en) stoppen
2013-01-20 13:14:01,052 [AWT-EventQueue-0] DEBUG MotorController - Motor(en) gestoppt
2013-01-20 13:14:01,067 [AWT-EventQueue-0] INFO MotorController - Schlittenposition: 1861/-1
2013-01-20 13:14:01,070 [AWT-EventQueue-0] INFO MotorController - Motor(en) stoppen
2013-01-20 13:14:01,071 [AWT-EventQueue-0] DEBUG MotorController - Motor(en) gestoppt
2013-01-20 13:14:01,087 [AWT-EventQueue-0] INFO MotorController - Schlittenposition: 1861/-1
2013-01-20 13:14:01,092 [AWT-EventQueue-0] INFO MotorController - Motor(en) stoppen
2013-01-20 13:14:01,092 [AWT-EventQueue-0] DEBUG MotorController - Motor(en) gestoppt
2013-01-20 13:14:01,106 [AWT-EventQueue-0] INFO MotorController - Schlittenposition: 1861/-1
2013-01-20 13:14:01,111 [AWT-EventQueue-0] INFO MotorController - Motor(en) stoppen
2013-01-20 13:14:01,111 [AWT-EventQueue-0] DEBUG MotorController - Motor(en) gestoppt
2013-01-20 13:14:01,126 [AWT-EventQueue-0] INFO MotorController - Schlittenposition: 1861/-1
2013-01-20 13:14:01,130 [AWT-EventQueue-0] INFO MotorController - Motor(en) stoppen
2013-01-20 13:14:01,131 [AWT-EventQueue-0] DEBUG MotorController - Motor(en) gestoppt
2013-01-20 13:14:01,148 [AWT-EventQueue-0] INFO MotorController - Schlittenposition: 1861/-1
2013-01-20 13:14:01,152 [AWT-EventQueue-0] INFO MotorController - Motor(en) stoppen
2013-01-20 13:14:01,152 [AWT-EventQueue-0] DEBUG MotorController - Motor(en) gestoppt
2013-01-20 13:14:01,168 [AWT-EventQueue-0] INFO MotorController - Schlittenposition: 1861/-1
2013-01-20 13:14:01,172 [AWT-EventQueue-0] INFO MotorController - Motor(en) stoppen
2013-01-20 13:14:01,173 [AWT-EventQueue-0] DEBUG MotorController - Motor(en) gestoppt
2013-01-20 13:14:01,189 [AWT-EventQueue-0] INFO MotorController - Schlittenposition: 1861/-1
2013-01-20 13:14:01,193 [AWT-EventQueue-0] INFO MotorController - Motor(en) stoppen
2013-01-20 13:14:01,194 [AWT-EventQueue-0] DEBUG MotorController - Motor(en) gestoppt
2013-01-20 13:14:01,208 [AWT-EventQueue-0] INFO MotorController - Schlittenposition: 1861/-1
2013-01-20 13:14:01,213 [AWT-EventQueue-0] INFO MotorController - Motor(en) stoppen
2013-01-20 13:14:01,214 [AWT-EventQueue-0] DEBUG MotorController - Motor(en) gestoppt
2013-01-20 13:14:01,228 [AWT-EventQueue-0] INFO MotorController - Schlittenposition: 1861/-1
2013-01-20 13:14:01,232 [AWT-EventQueue-0] INFO MotorController - Motor(en) stoppen
2013-01-20 13:14:01,232 [AWT-EventQueue-0] DEBUG MotorController - Motor(en) gestoppt
2013-01-20 13:14:01,247 [AWT-EventQueue-0] INFO MotorController - Schlittenposition: 1861/-1
2013-01-20 13:14:01,252 [AWT-EventQueue-0] INFO MotorController - Motor(en) stoppen
2013-01-20 13:14:01,252 [AWT-EventQueue-0] DEBUG MotorController - Motor(en) gestoppt
2013-01-20 13:14:01,268 [AWT-EventQueue-0] INFO MotorController - Schlittenposition: 1861/-1
2013-01-20 13:14:01,272 [AWT-EventQueue-0] INFO MotorController - Motor(en) stoppen
2013-01-20 13:14:01,273 [AWT-EventQueue-0] DEBUG MotorController - Motor(en) gestoppt
2013-01-20 13:14:01,288 [AWT-EventQueue-0] INFO MotorController - Schlittenposition: 1861/-1
2013-01-20 13:14:01,292 [AWT-EventQueue-0] INFO MotorController - Motor(en) stoppen
2013-01-20 13:14:01,293 [AWT-EventQueue-0] DEBUG MotorController - Motor(en) gestoppt
2013-01-20 13:14:01,307 [AWT-EventQueue-0] INFO MotorController - Schlittenposition: 1861/-1
2013-01-20 13:14:01,311 [AWT-EventQueue-0] INFO MotorController - Motor(en) stoppen
2013-01-20 13:14:01,312 [AWT-EventQueue-0] DEBUG MotorController - Motor(en) gestoppt
2013-01-20 13:14:01,326 [AWT-EventQueue-0] INFO MotorController - Schlittenposition: 1861/-1
2013-01-20 13:14:01,330 [AWT-EventQueue-0] INFO MotorController - Motor(en) stoppen
2013-01-20 13:14:01,331 [AWT-EventQueue-0] DEBUG MotorController - Motor(en) gestoppt
2013-01-20 13:14:01,346 [AWT-EventQueue-0] INFO MotorController - Schlittenposition: 1861/-1
2013-01-20 13:14:01,350 [AWT-EventQueue-0] INFO MotorController - Motor(en) stoppen
2013-01-20 13:14:01,351 [AWT-EventQueue-0] DEBUG MotorController - Motor(en) gestoppt
2013-01-20 13:14:01,367 [AWT-EventQueue-0] INFO MotorController - Schlittenposition: 1861/-1
2013-01-20 13:14:01,371 [AWT-EventQueue-0] INFO MotorController - Motor(en) stoppen
2013-01-20 13:14:01,372 [AWT-EventQueue-0] DEBUG MotorController - Motor(en) gestoppt
2013-01-20 13:14:01,388 [AWT-EventQueue-0] INFO MotorController - Schlittenposition: 1861/-1
2013-01-20 13:14:01,392 [AWT-EventQueue-0] INFO MotorController - Motor(en) stoppen
2013-01-20 13:14:01,392 [AWT-EventQueue-0] DEBUG MotorController - Motor(en) gestoppt
2013-01-20 13:14:01,409 [AWT-EventQueue-0] INFO MotorController - Schlittenposition: 1861/-1
2013-01-20 13:14:01,413 [AWT-EventQueue-0] INFO MotorController - Motor(en) stoppen
2013-01-20 13:14:01,414 [AWT-EventQueue-0] DEBUG MotorController - Motor(en) gestoppt
2013-01-20 13:14:01,430 [AWT-EventQueue-0] INFO MotorController - Schlittenposition: 1861/-1
2013-01-20 13:14:01,434 [AWT-EventQueue-0] INFO MotorController - Motor(en) stoppen
2013-01-20 13:14:01,434 [AWT-EventQueue-0] DEBUG MotorController - Motor(en) gestoppt
2013-01-20 13:14:01,448 [AWT-EventQueue-0] INFO MotorController - Schlittenposition: 1861/-1
2013-01-20 13:14:01,453 [AWT-EventQueue-0] INFO MotorController - Motor(en) stoppen
2013-01-20 13:14:01,454 [AWT-EventQueue-0] DEBUG MotorController - Motor(en) gestoppt
2013-01-20 13:14:01,468 [AWT-EventQueue-0] INFO MotorController - Schlittenposition: 1861/-1
2013-01-20 13:14:01,474 [AWT-EventQueue-0] INFO MotorController - Motor(en) stoppen
2013-01-20 13:14:01,475 [AWT-EventQueue-0] DEBUG MotorController - Motor(en) gestoppt
2013-01-20 13:14:01,489 [AWT-EventQueue-0] INFO MotorController - Schlittenposition: 1861/-1
2013-01-20 13:14:01,493 [AWT-EventQueue-0] INFO MotorController - Motor(en) stoppen
2013-01-20 13:14:01,493 [AWT-EventQueue-0] DEBUG MotorController - Motor(en) gestoppt
2013-01-20 13:14:01,509 [AWT-EventQueue-0] INFO MotorController - Schlittenposition: 1861/-1
2013-01-20 13:14:01,512 [AWT-EventQueue-0] INFO MotorController - Motor(en) stoppen
2013-01-20 13:14:01,512 [AWT-EventQueue-0] DEBUG MotorController - Motor(en) gestoppt
2013-01-20 13:14:01,528 [AWT-EventQueue-0] INFO MotorController - Schlittenposition: 1861/-1
2013-01-20 13:14:01,532 [AWT-EventQueue-0] INFO MotorController - Motor(en) stoppen
2013-01-20 13:14:01,533 [AWT-EventQueue-0] DEBUG MotorController - Motor(en) gestoppt
2013-01-20 13:14:01,547 [AWT-EventQueue-0] INFO MotorController - Schlittenposition: 1861/-1
2013-01-20 13:14:01,552 [AWT-EventQueue-0] INFO MotorController - Motor(en) stoppen
2013-01-20 13:14:01,552 [AWT-EventQueue-0] DEBUG MotorController - Motor(en) gestoppt
2013-01-20 13:14:01,567 [AWT-EventQueue-0] INFO MotorController - Schlittenposition: 1861/-1
2013-01-20 13:14:01,572 [AWT-EventQueue-0] INFO MotorController - Motor(en) stoppen
2013-01-20 13:14:01,572 [AWT-EventQueue-0] DEBUG MotorController - Motor(en) gestoppt
2013-01-20 13:14:01,586 [AWT-EventQueue-0] INFO MotorController - Schlittenposition: 1861/-1
2013-01-20 13:14:01,590 [AWT-EventQueue-0] INFO MotorController - Motor(en) stoppen
2013-01-20 13:14:01,591 [AWT-EventQueue-0] DEBUG MotorController - Motor(en) gestoppt
2013-01-20 13:14:01,606 [AWT-EventQueue-0] INFO MotorController - Schlittenposition: 1861/-1
2013-01-20 13:14:01,610 [AWT-EventQueue-0] INFO MotorController - Motor(en) stoppen
2013-01-20 13:14:01,611 [AWT-EventQueue-0] DEBUG MotorController - Motor(en) gestoppt
2013-01-20 13:14:01,627 [AWT-EventQueue-0] INFO MotorController - Schlittenposition: 1861/-1
2013-01-20 13:14:01,631 [AWT-EventQueue-0] INFO MotorController - Motor(en) stoppen
2013-01-20 13:14:01,632 [AWT-EventQueue-0] DEBUG MotorController - Motor(en) gestoppt
2013-01-20 13:14:01,647 [AWT-EventQueue-0] INFO MotorController - Schlittenposition: 1861/-1
2013-01-20 13:14:01,652 [AWT-EventQueue-0] INFO MotorController - Motor(en) stoppen
2013-01-20 13:14:01,652 [AWT-EventQueue-0] DEBUG MotorController - Motor(en) gestoppt
2013-01-20 13:14:01,668 [AWT-EventQueue-0] INFO MotorController - Schlittenposition: 1861/-1
2013-01-20 13:14:01,672 [AWT-EventQueue-0] INFO MotorController - Motor(en) stoppen
2013-01-20 13:14:01,672 [AWT-EventQueue-0] DEBUG MotorController - Motor(en) gestoppt
2013-01-20 13:14:01,687 [AWT-EventQueue-0] INFO MotorController - Schlittenposition: 1861/-1
2013-01-20 13:14:01,692 [AWT-EventQueue-0] INFO MotorController - Motor(en) stoppen
2013-01-20 13:14:01,692 [AWT-EventQueue-0] DEBUG MotorController - Motor(en) gestoppt
2013-01-20 13:14:01,708 [AWT-EventQueue-0] INFO MotorController - Schlittenposition: 1861/-1
2013-01-20 13:14:01,713 [AWT-EventQueue-0] INFO MotorController - Motor(en) stoppen
2013-01-20 13:14:01,713 [AWT-EventQueue-0] DEBUG MotorController - Motor(en) gestoppt
2013-01-20 13:14:01,729 [AWT-EventQueue-0] INFO MotorController - Schlittenposition: 1861/-1
2013-01-20 13:14:01,733 [AWT-EventQueue-0] INFO MotorController - Motor(en) stoppen
2013-01-20 13:14:01,734 [AWT-EventQueue-0] DEBUG MotorController - Motor(en) gestoppt
2013-01-20 13:14:01,749 [AWT-EventQueue-0] INFO MotorController - Schlittenposition: 1861/-1
2013-01-20 13:14:01,752 [AWT-EventQueue-0] INFO MotorController - Motor(en) stoppen
2013-01-20 13:14:01,753 [AWT-EventQueue-0] DEBUG MotorController - Motor(en) gestoppt
2013-01-20 13:14:01,768 [AWT-EventQueue-0] INFO MotorController - Schlittenposition: 1861/-1
2013-01-20 13:14:01,774 [AWT-EventQueue-0] INFO MotorController - Motor(en) stoppen
2013-01-20 13:14:01,774 [AWT-EventQueue-0] DEBUG MotorController - Motor(en) gestoppt
2013-01-20 13:14:01,788 [AWT-EventQueue-0] INFO MotorController - Schlittenposition: 1861/-1
2013-01-20 13:14:01,793 [AWT-EventQueue-0] INFO MotorController - Motor(en) stoppen
2013-01-20 13:14:01,793 [AWT-EventQueue-0] DEBUG MotorController - Motor(en) gestoppt
2013-01-20 13:14:01,808 [AWT-EventQueue-0] INFO MotorController - Schlittenposition: 1861/-1
2013-01-20 13:14:01,812 [AWT-EventQueue-0] INFO MotorController - Motor(en) stoppen
2013-01-20 13:14:01,812 [AWT-EventQueue-0] DEBUG MotorController - Motor(en) gestoppt
2013-01-20 13:14:01,828 [AWT-EventQueue-0] INFO MotorController - Schlittenposition: 1861/-1
2013-01-20 13:14:01,832 [AWT-EventQueue-0] INFO MotorController - Motor(en) stoppen
2013-01-20 13:14:01,833 [AWT-EventQueue-0] DEBUG MotorController - Motor(en) gestoppt
2013-01-20 13:14:01,848 [AWT-EventQueue-0] INFO MotorController - Schlittenposition: 1861/-1
2013-01-20 13:14:01,851 [AWT-EventQueue-0] INFO MotorController - Motor(en) stoppen
2013-01-20 13:14:01,851 [AWT-EventQueue-0] DEBUG MotorController - Motor(en) gestoppt
2013-01-20 13:14:01,868 [AWT-EventQueue-0] INFO MotorController - Schlittenposition: 1861/-1
2013-01-20 13:14:01,872 [AWT-EventQueue-0] INFO MotorController - Motor(en) stoppen
2013-01-20 13:14:01,873 [AWT-EventQueue-0] DEBUG MotorController - Motor(en) gestoppt
2013-01-20 13:14:01,889 [AWT-EventQueue-0] INFO MotorController - Schlittenposition: 1861/-1
2013-01-20 13:14:01,894 [AWT-EventQueue-0] INFO MotorController - Motor(en) stoppen
2013-01-20 13:14:01,895 [AWT-EventQueue-0] DEBUG MotorController - Motor(en) gestoppt
2013-01-20 13:14:01,911 [AWT-EventQueue-0] INFO MotorController - Schlittenposition: 1861/-1
2013-01-20 13:14:01,916 [AWT-EventQueue-0] INFO MotorController - Motor(en) stoppen
2013-01-20 13:14:01,916 [AWT-EventQueue-0] DEBUG MotorController - Motor(en) gestoppt
2013-01-20 13:14:01,931 [AWT-EventQueue-0] INFO MotorController - Schlittenposition: 1861/-1
2013-01-20 13:14:01,936 [AWT-EventQueue-0] INFO MotorController - Motor(en) stoppen
2013-01-20 13:14:01,936 [AWT-EventQueue-0] DEBUG MotorController - Motor(en) gestoppt
2013-01-20 13:14:01,952 [AWT-EventQueue-0] INFO MotorController - Schlittenposition: 1861/-1
2013-01-20 13:14:01,956 [AWT-EventQueue-0] INFO MotorController - Motor(en) stoppen
2013-01-20 13:14:01,967 [AWT-EventQueue-0] DEBUG MotorController - Motor(en) gestoppt
2013-01-20 13:14:01,981 [AWT-EventQueue-0] INFO MotorController - Schlittenposition: 1861/-1
2013-01-20 13:14:01,985 [AWT-EventQueue-0] INFO MotorController - Motor(en) stoppen
2013-01-20 13:14:01,986 [AWT-EventQueue-0] DEBUG MotorController - Motor(en) gestoppt
2013-01-20 13:14:02,001 [AWT-EventQueue-0] INFO MotorController - Schlittenposition: 1861/-1
2013-01-20 13:14:02,005 [AWT-EventQueue-0] INFO MotorController - Motor(en) stoppen
2013-01-20 13:14:02,006 [AWT-EventQueue-0] DEBUG MotorController - Motor(en) gestoppt
2013-01-20 13:14:02,021 [AWT-EventQueue-0] INFO MotorController - Schlittenposition: 1860/-1
2013-01-20 13:14:02,025 [AWT-EventQueue-0] INFO MotorController - Motor(en) stoppen
2013-01-20 13:14:02,026 [AWT-EventQueue-0] DEBUG MotorController - Motor(en) gestoppt
2013-01-20 13:14:02,040 [AWT-EventQueue-0] INFO MotorController - Schlittenposition: 1859/-1
2013-01-20 13:14:02,044 [AWT-EventQueue-0] INFO MotorController - Motor(en) stoppen
2013-01-20 13:14:02,045 [AWT-EventQueue-0] DEBUG MotorController - Motor(en) gestoppt
2013-01-20 13:14:02,060 [AWT-EventQueue-0] INFO MotorController - Schlittenposition: 1859/-1
2013-01-20 13:14:02,064 [AWT-EventQueue-0] INFO MotorController - Motor(en) stoppen
2013-01-20 13:14:02,065 [AWT-EventQueue-0] DEBUG MotorController - Motor(en) gestoppt
2013-01-20 13:14:02,079 [AWT-EventQueue-0] INFO MotorController - Schlittenposition: 1859/-1
2013-01-20 13:14:02,083 [AWT-EventQueue-0] INFO MotorController - Motor(en) stoppen
2013-01-20 13:14:02,084 [AWT-EventQueue-0] DEBUG MotorController - Motor(en) gestoppt
2013-01-20 13:14:02,099 [AWT-EventQueue-0] INFO MotorController - Schlittenposition: 1859/-1
2013-01-20 13:14:02,103 [AWT-EventQueue-0] INFO MotorController - Motor(en) stoppen
2013-01-20 13:14:02,104 [AWT-EventQueue-0] DEBUG MotorController - Motor(en) gestoppt
2013-01-20 13:14:02,118 [AWT-EventQueue-0] INFO MotorController - Schlittenposition: 1859/-1
2013-01-20 13:14:02,122 [AWT-EventQueue-0] INFO MotorController - Motor(en) stoppen
2013-01-20 13:14:02,123 [AWT-EventQueue-0] DEBUG MotorController - Motor(en) gestoppt
2013-01-20 13:14:02,138 [AWT-EventQueue-0] INFO MotorController - Schlittenposition: 1859/-1
2013-01-20 13:14:02,142 [AWT-EventQueue-0] INFO MotorController - Motor(en) stoppen
2013-01-20 13:14:02,142 [AWT-EventQueue-0] DEBUG MotorController - Motor(en) gestoppt
2013-01-20 13:14:02,159 [AWT-EventQueue-0] INFO MotorController - Schlittenposition: 1859/-1
2013-01-20 13:14:02,163 [AWT-EventQueue-0] INFO MotorController - Motor(en) stoppen
2013-01-20 13:14:02,163 [AWT-EventQueue-0] DEBUG MotorController - Motor(en) gestoppt
2013-01-20 13:14:02,180 [AWT-EventQueue-0] INFO MotorController - Schlittenposition: 1859/-1
2013-01-20 13:14:02,184 [AWT-EventQueue-0] INFO MotorController - Motor(en) stoppen
2013-01-20 13:14:02,185 [AWT-EventQueue-0] DEBUG MotorController - Motor(en) gestoppt
2013-01-20 13:14:02,200 [AWT-EventQueue-0] INFO MotorController - Schlittenposition: 1859/-1
2013-01-20 13:14:02,204 [AWT-EventQueue-0] INFO MotorController - Motor(en) stoppen
2013-01-20 13:14:02,205 [AWT-EventQueue-0] DEBUG MotorController - Motor(en) gestoppt
2013-01-20 13:14:02,220 [AWT-EventQueue-0] INFO MotorController - Schlittenposition: 1859/-1
2013-01-20 13:14:02,224 [AWT-EventQueue-0] INFO MotorController - Motor(en) stoppen
2013-01-20 13:14:02,225 [AWT-EventQueue-0] DEBUG MotorController - Motor(en) gestoppt
2013-01-20 13:14:02,239 [AWT-EventQueue-0] INFO MotorController - Schlittenposition: 1860/-1
2013-01-20 13:14:02,243 [AWT-EventQueue-0] INFO MotorController - Motor(en) stoppen
2013-01-20 13:14:02,244 [AWT-EventQueue-0] DEBUG MotorController - Motor(en) gestoppt
2013-01-20 13:14:02,259 [AWT-EventQueue-0] INFO MotorController - Schlittenposition: 1860/-1
2013-01-20 13:14:02,263 [AWT-EventQueue-0] INFO MotorController - Motor(en) stoppen
2013-01-20 13:14:02,264 [AWT-EventQueue-0] DEBUG MotorController - Motor(en) gestoppt
2013-01-20 13:14:02,280 [AWT-EventQueue-0] INFO MotorController - Schlittenposition: 1860/-1
2013-01-20 13:14:02,284 [AWT-EventQueue-0] INFO MotorController - Motor(en) stoppen
2013-01-20 13:14:02,284 [AWT-EventQueue-0] DEBUG MotorController - Motor(en) gestoppt
2013-01-20 13:14:02,299 [AWT-EventQueue-0] INFO MotorController - Schlittenposition: 1860/-1
2013-01-20 13:14:02,303 [AWT-EventQueue-0] INFO MotorController - Motor(en) stoppen
2013-01-20 13:14:02,304 [AWT-EventQueue-0] DEBUG MotorController - Motor(en) gestoppt
2013-01-20 13:14:02,318 [AWT-EventQueue-0] INFO MotorController - Schlittenposition: 1860/-1
2013-01-20 13:14:02,322 [AWT-EventQueue-0] INFO MotorController - Motor(en) stoppen
2013-01-20 13:14:02,323 [AWT-EventQueue-0] DEBUG MotorController - Motor(en) gestoppt
2013-01-20 13:14:02,338 [AWT-EventQueue-0] INFO MotorController - Schlittenposition: 1860/-1
2013-01-20 13:14:02,342 [AWT-EventQueue-0] INFO MotorController - Motor(en) stoppen
2013-01-20 13:14:02,342 [AWT-EventQueue-0] DEBUG MotorController - Motor(en) gestoppt
2013-01-20 13:14:02,358 [AWT-EventQueue-0] INFO MotorController - Schlittenposition: 1860/-1
2013-01-20 13:14:02,362 [AWT-EventQueue-0] INFO MotorController - Motor(en) stoppen
2013-01-20 13:14:02,363 [AWT-EventQueue-0] DEBUG MotorController - Motor(en) gestoppt
2013-01-20 13:14:02,379 [AWT-EventQueue-0] INFO MotorController - Schlittenposition: 1860/-1
2013-01-20 13:14:02,383 [AWT-EventQueue-0] INFO MotorController - Motor(en) stoppen
2013-01-20 13:14:02,384 [AWT-EventQueue-0] DEBUG MotorController - Motor(en) gestoppt
2013-01-20 13:14:02,400 [AWT-EventQueue-0] INFO MotorController - Schlittenposition: 1860/-1
