2013-01-21 18:25:57,135 [main] INFO MainClass - NXT-Plotter v0.1 startet
2013-01-21 18:25:57,602 [main] DEBUG ProgramFrame - instanziiert
2013-01-21 18:25:57,619 [main] DEBUG TableContainer - instanziiert
2013-01-21 18:25:57,630 [main] DEBUG SimpleDrawComponent - instanziiert
2013-01-21 18:25:59,123 [AWT-EventQueue-0] DEBUG TableContainer - Tabelle wird geloescht
2013-01-21 18:26:44,275 [AWT-EventQueue-0] DEBUG TableContainer - Tabelle wird geloescht
2013-01-21 18:26:44,906 [AWT-EventQueue-0] DEBUG TableContainer - Tabelle wird geloescht
2013-01-21 18:26:46,084 [AWT-EventQueue-0] DEBUG TableContainer - Tabelle wird geloescht
2013-01-21 18:26:46,918 [AWT-EventQueue-0] DEBUG TableContainer - Tabelle wird geloescht
2013-01-21 18:26:47,648 [AWT-EventQueue-0] DEBUG TableContainer - Tabelle wird geloescht
2013-01-21 18:26:48,570 [AWT-EventQueue-0] DEBUG TableContainer - Tabelle wird geloescht
2013-01-21 18:26:49,194 [AWT-EventQueue-0] DEBUG TableContainer - Tabelle wird geloescht
2013-01-21 18:26:49,884 [AWT-EventQueue-0] DEBUG TableContainer - Tabelle wird geloescht
2013-01-21 18:26:50,789 [AWT-EventQueue-0] DEBUG TableContainer - Tabelle wird geloescht
2013-01-21 18:26:51,509 [AWT-EventQueue-0] DEBUG TableContainer - Tabelle wird geloescht
2013-01-21 18:26:52,225 [AWT-EventQueue-0] DEBUG TableContainer - Tabelle wird geloescht
2013-01-21 18:26:52,851 [AWT-EventQueue-0] DEBUG TableContainer - Tabelle wird geloescht
2013-01-21 18:26:53,483 [AWT-EventQueue-0] DEBUG TableContainer - Tabelle wird geloescht
2013-01-21 18:26:54,165 [AWT-EventQueue-0] DEBUG TableContainer - Tabelle wird geloescht
2013-01-21 18:26:54,751 [AWT-EventQueue-0] DEBUG TableContainer - Tabelle wird geloescht
2013-01-21 18:26:55,817 [AWT-EventQueue-0] DEBUG TableContainer - Tabelle wird geloescht
2013-01-21 18:26:56,621 [AWT-EventQueue-0] DEBUG TableContainer - Tabelle wird geloescht
2013-01-21 18:26:57,598 [AWT-EventQueue-0] DEBUG TableContainer - Tabelle wird geloescht
2013-01-21 18:26:59,612 [AWT-EventQueue-0] DEBUG TableContainer - Tabelle wird geloescht
