2013-01-20 12:31:55,096 [main] INFO MainClass - NXT-Plotter v0.1 startet
2013-01-20 12:31:55,493 [main] DEBUG ManualControlFrame - instanziiert
2013-01-20 12:31:55,498 [main] DEBUG MotorController - instanziiert
2013-01-20 12:31:55,498 [main] INFO MotorController - Dummy-Modus
2013-01-20 12:31:55,994 [main] DEBUG ProgramFrame - instanziiert
2013-01-20 12:31:56,010 [main] DEBUG TableContainer - instanziiert
2013-01-20 12:31:56,019 [main] DEBUG SimpleDrawComponent - instanziiert
2013-01-20 12:32:04,209 [AWT-EventQueue-0] INFO MotorController - Motor faehrt nach LEFT_UP
2013-01-20 12:32:04,846 [AWT-EventQueue-0] INFO MotorController - Motor stoppt
2013-01-20 12:32:04,847 [AWT-EventQueue-0] DEBUG MotorController - Motoren gestoppt
2013-01-20 12:32:07,286 [AWT-EventQueue-0] INFO MotorController - Motor faehrt nach LEFT_UP
2013-01-20 12:32:07,853 [AWT-EventQueue-0] INFO MotorController - Motor stoppt
2013-01-20 12:32:07,854 [AWT-EventQueue-0] DEBUG MotorController - Motoren gestoppt
2013-01-20 12:32:09,561 [AWT-EventQueue-0] INFO MotorController - Motor faehrt nach LEFT_UP
2013-01-20 12:32:10,172 [AWT-EventQueue-0] INFO MotorController - Motor stoppt
2013-01-20 12:32:10,173 [AWT-EventQueue-0] DEBUG MotorController - Motoren gestoppt
2013-01-20 12:32:12,025 [AWT-EventQueue-0] INFO MotorController - Motor faehrt nach RIGHT_UP
2013-01-20 12:32:12,551 [AWT-EventQueue-0] INFO MotorController - Motor stoppt
2013-01-20 12:32:12,551 [AWT-EventQueue-0] DEBUG MotorController - Motoren gestoppt
2013-01-20 12:32:13,725 [AWT-EventQueue-0] INFO MotorController - Motor faehrt nach LEFT_UP
2013-01-20 12:32:14,196 [AWT-EventQueue-0] INFO MotorController - Motor stoppt
2013-01-20 12:32:14,196 [AWT-EventQueue-0] DEBUG MotorController - Motoren gestoppt
2013-01-20 12:32:22,619 [AWT-EventQueue-0] INFO MotorController - Motor faehrt nach LEFT_UP
2013-01-20 12:32:22,930 [AWT-EventQueue-0] INFO MotorController - Motor stoppt
2013-01-20 12:32:22,931 [AWT-EventQueue-0] DEBUG MotorController - Motoren gestoppt
2013-01-20 12:32:23,579 [AWT-EventQueue-0] INFO MotorController - Motor faehrt nach LEFT_UP
2013-01-20 12:32:23,955 [AWT-EventQueue-0] INFO MotorController - Motor stoppt
2013-01-20 12:32:23,955 [AWT-EventQueue-0] DEBUG MotorController - Motoren gestoppt
